/bin/.: Permission denied.
[g15inode4:19441] 2 more processes have sent help message help-mpi-errors.txt / mpi_errors_are_fatal
[g15inode4:19441] Set MCA parameter "orte_base_help_aggregate" to 0 to see all help / error messages
/bin/.: Permission denied.
--------------------------------------------------------------------------
Could not execute the executable "/home/cmm5/EIA/Parallel/programa.exe": Exec format error

This could mean that your PATH or executable name is wrong, or that you do not
have the necessary permissions.  Please ensure that the executable is able to be
found and executed.

--------------------------------------------------------------------------
--------------------------------------------------------------------------
Could not execute the executable "/home/cmm5/EIA/Parallel/programa.exe": Exec format error

This could mean that your PATH or executable name is wrong, or that you do not
have the necessary permissions.  Please ensure that the executable is able to be
found and executed.

--------------------------------------------------------------------------
--------------------------------------------------------------------------
Could not execute the executable "/home/cmm5/EIA/Parallel/programa.exe": Exec format error

This could mean that your PATH or executable name is wrong, or that you do not
have the necessary permissions.  Please ensure that the executable is able to be
found and executed.

--------------------------------------------------------------------------
--------------------------------------------------------------------------
Could not execute the executable "/home/cmm5/EIA/Parallel/programa.exe": Exec format error

This could mean that your PATH or executable name is wrong, or that you do not
have the necessary permissions.  Please ensure that the executable is able to be
found and executed.

--------------------------------------------------------------------------
forrtl: severe (174): SIGSEGV, segmentation fault occurred
Image              PC        Routine            Line        Source             
programa.exe       080526C7  Unknown               Unknown  Unknown
programa.exe       08051B34  Unknown               Unknown  Unknown
programa.exe       080502CE  Unknown               Unknown  Unknown
programa.exe       0804F7B1  Unknown               Unknown  Unknown
libc.so.6          401D187C  Unknown               Unknown  Unknown
programa.exe       0804F6D1  Unknown               Unknown  Unknown
--------------------------------------------------------------------------
mpirun has exited due to process rank 1 with PID 13069 on
node g4node19 exiting without calling "finalize". This may
have caused other processes in the application to be
terminated by signals sent by mpirun (as reported here).
--------------------------------------------------------------------------
