-catch_rsh /sge/default/spool/g4inode4/active_jobs/101965.1/pe_hostfile
g4inode4
g4inode4
g4inode4
g4inode4
Warning: no access to tty (Inappropriate ioctl for device).
Thus no job control in this shell.
/scratch/101965.1.iqtc01.q
-catch_rsh /sge/default/spool/g10inode7/active_jobs/101966.1/pe_hostfile
g10inode7
g10inode7
g6inode3
g6inode3
Warning: no access to tty (Inappropriate ioctl for device).
Thus no job control in this shell.
/scratch/101966.1.iqtc01.q
-catch_rsh /sge/default/spool/g3inode1/active_jobs/101969.1/pe_hostfile
g3inode1
g3inode1
g3inode1
g3inode1
Warning: no access to tty (Inappropriate ioctl for device).
Thus no job control in this shell.
/scratch/101969.1.iqtc01.q
-catch_rsh /sge/default/spool/g4node10/active_jobs/101970.1/pe_hostfile
g4node10
g4node10
g5node3
g5node3
Warning: no access to tty (Bad file descriptor).
Thus no job control in this shell.
/scratch/101970.1.cerqt2.q
-catch_rsh /sge/default/spool/g6inode4/active_jobs/102005.1/pe_hostfile
g6inode4
g6inode4
g6inode4
g6inode4
Warning: no access to tty (Inappropriate ioctl for device).
Thus no job control in this shell.
/scratch/102005.1.iqtc01.q
-catch_rsh /sge/default/spool/g4inode5/active_jobs/102006.1/pe_hostfile
g4inode5
g4inode5
g4inode5
g4inode5
Warning: no access to tty (Inappropriate ioctl for device).
Thus no job control in this shell.
/scratch/102006.1.iqtc01.q
-catch_rsh /sge/default/spool/g4inode2/active_jobs/102010.1/pe_hostfile
g4inode2
g4inode2
g4inode2
g4inode2
Warning: no access to tty (Inappropriate ioctl for device).
Thus no job control in this shell.
/scratch/102010.1.iqtc01.q
-catch_rsh /sge/default/spool/g10inode3/active_jobs/102012.1/pe_hostfile
g10inode3
g10inode3
g10inode3
g10inode3
Warning: no access to tty (Inappropriate ioctl for device).
Thus no job control in this shell.
/scratch/102012.1.iqtc01.q
-catch_rsh /sge/default/spool/g4inode4/active_jobs/102014.1/pe_hostfile
g4inode4
g4inode4
g4inode4
g4inode4
Warning: no access to tty (Inappropriate ioctl for device).
Thus no job control in this shell.
/scratch/102014.1.iqtc01.q
-catch_rsh /sge/default/spool/g6inode3/active_jobs/102017.1/pe_hostfile
g6inode3
g6inode3
g3inode1
g3inode1
Warning: no access to tty (Inappropriate ioctl for device).
Thus no job control in this shell.
/scratch/102017.1.iqtc01.q
-catch_rsh /sge/default/spool/g6inode4/active_jobs/102018.1/pe_hostfile
g6inode4
g6inode4
g6inode4
g6inode4
Warning: no access to tty (Inappropriate ioctl for device).
Thus no job control in this shell.
/scratch/102018.1.iqtc01.q
-catch_rsh /sge/default/spool/g3inode2/active_jobs/102020.1/pe_hostfile
g3inode2
g3inode2
g3inode2
g3inode2
Warning: no access to tty (Inappropriate ioctl for device).
Thus no job control in this shell.
/scratch/102020.1.iqtc01.q
-catch_rsh /sge/default/spool/g5inode2/active_jobs/102022.1/pe_hostfile
g5inode2
g5inode2
g5inode2
g5inode2
Warning: no access to tty (Inappropriate ioctl for device).
Thus no job control in this shell.
/scratch/102022.1.iqtc01.q
-catch_rsh /sge/default/spool/g15inode4/active_jobs/102024.1/pe_hostfile
g15inode4
g15inode4
g15inode4
g15inode4
Warning: no access to tty (Inappropriate ioctl for device).
Thus no job control in this shell.
/scratch/102024.1.iqtc01.q
-catch_rsh /sge/default/spool/g10inode7/active_jobs/102026.1/pe_hostfile
g10inode7
g10inode7
g6inode3
g6inode3
Warning: no access to tty (Inappropriate ioctl for device).
Thus no job control in this shell.
/scratch/102026.1.iqtc01.q
-catch_rsh /sge/default/spool/g6inode4/active_jobs/102028.1/pe_hostfile
g6inode4
g6inode4
g6inode4
g6inode4
Warning: no access to tty (Inappropriate ioctl for device).
Thus no job control in this shell.
/scratch/102028.1.iqtc01.q
-catch_rsh /sge/default/spool/g10inode3/active_jobs/102033.1/pe_hostfile
g10inode3
g10inode3
g10inode3
g10inode3
Warning: no access to tty (Inappropriate ioctl for device).
Thus no job control in this shell.
/scratch/102033.1.iqtc01.q
-catch_rsh /sge/default/spool/g6inode3/active_jobs/102037.1/pe_hostfile
g6inode3
g6inode3
g3inode1
g3inode1
Warning: no access to tty (Inappropriate ioctl for device).
Thus no job control in this shell.
/scratch/102037.1.iqtc01.q
-catch_rsh /sge/default/spool/g6inode4/active_jobs/102038.1/pe_hostfile
g6inode4
g6inode4
g6inode4
g6inode4
Warning: no access to tty (Inappropriate ioctl for device).
Thus no job control in this shell.
/scratch/102038.1.iqtc01.q
-catch_rsh /sge/default/spool/g3inode2/active_jobs/102040.1/pe_hostfile
g3inode2
g3inode2
g3inode2
g3inode2
Warning: no access to tty (Inappropriate ioctl for device).
Thus no job control in this shell.
/scratch/102040.1.iqtc01.q
-catch_rsh /sge/default/spool/g5inode2/active_jobs/102042.1/pe_hostfile
g5inode2
g5inode2
g5inode2
g5inode2
Warning: no access to tty (Inappropriate ioctl for device).
Thus no job control in this shell.
/scratch/102042.1.iqtc01.q
-catch_rsh /sge/default/spool/g4inode5/active_jobs/102069.1/pe_hostfile
g4inode5
g4inode5
g4inode5
g4inode5
Warning: no access to tty (Inappropriate ioctl for device).
Thus no job control in this shell.
/scratch/102069.1.iqtc01.q
-catch_rsh /sge/default/spool/g4inode2/active_jobs/102073.1/pe_hostfile
g4inode2
g4inode2
g4inode2
g4inode2
Warning: no access to tty (Inappropriate ioctl for device).
Thus no job control in this shell.
/scratch/102073.1.iqtc01.q
-catch_rsh /sge/default/spool/g5inode2/active_jobs/102096.1/pe_hostfile
g5inode2
g5inode2
g5inode2
g5inode2
Warning: no access to tty (Inappropriate ioctl for device).
Thus no job control in this shell.
/scratch/102096.1.iqtc01.q
-catch_rsh /sge/default/spool/g15inode4/active_jobs/102098.1/pe_hostfile
g15inode4
g15inode4
g15inode4
g15inode4
Warning: no access to tty (Inappropriate ioctl for device).
Thus no job control in this shell.
/scratch/102098.1.iqtc01.q
-catch_rsh /sge/default/spool/g6inode3/active_jobs/102101.1/pe_hostfile
g6inode3
g6inode3
Warning: no access to tty (Inappropriate ioctl for device).
Thus no job control in this shell.
/scratch/102101.1.iqtc01.q
-catch_rsh /sge/default/spool/g4node10/active_jobs/102104.1/pe_hostfile
g4node10
g4node10
Warning: no access to tty (Bad file descriptor).
Thus no job control in this shell.
/scratch/102104.1.cerqt2.q
-catch_rsh /sge/default/spool/g4node19/active_jobs/102106.1/pe_hostfile
g4node19
g4node19
Warning: no access to tty (Bad file descriptor).
Thus no job control in this shell.
/scratch/102106.1.cerqt2.q
